<?xml version="1.0" encoding="UTF-8"?>
<!-- Generated by org.testng.reporters.JUnitReportReporter -->
<testsuite hostname="Yogesh" name="com.SeleniumEasy.InputFormTest" tests="3" failures="0" timestamp="27 Oct 2018 14:58:56 GMT" time="97.115" errors="0">
  <testcase name="verify1stBlockEnterMessageDisplay" time="15.239" classname="com.SeleniumEasy.InputFormTest"/>
  <testcase name="verifyBulletPoints_1stBox" time="26.410" classname="com.SeleniumEasy.InputFormTest"/>
  <testcase name="verify2ndBlockSumTotalDisplay" time="55.466" classname="com.SeleniumEasy.InputFormTest"/>
</testsuite> <!-- com.SeleniumEasy.InputFormTest -->
