<?xml version="1.0" encoding="UTF-8"?>
<!-- Generated by org.testng.reporters.JUnitReportReporter -->
<testsuite hostname="Yogesh" name="com.SeleniumEasy.AppTest" tests="1" failures="0" timestamp="21 Sep 2018 22:59:41 GMT" time="16.287" errors="0">
  <testcase name="verifyBulletPoints_1stBox" time="16.287" classname="com.SeleniumEasy.AppTest"/>
</testsuite> <!-- com.SeleniumEasy.AppTest -->
