<?xml version="1.0" encoding="UTF-8"?>
<!-- Generated by org.testng.reporters.JUnitReportReporter -->
<testsuite hostname="Yogesh" name="com.SeleniumEasy.InputFormsTest" tests="1" failures="0" timestamp="8 Oct 2018 21:03:52 GMT" time="10.392" errors="0">
  <testcase name="verifyBulletPoints_1stBox" time="10.392" classname="com.SeleniumEasy.InputFormsTest"/>
</testsuite> <!-- com.SeleniumEasy.InputFormsTest -->
