<?xml version="1.0" encoding="UTF-8"?>
<!-- Generated by org.testng.reporters.JUnitReportReporter -->
<testsuite hostname="Yogesh" name="com.SeleniumEasy.DropdownListTest" tests="1" failures="0" timestamp="4 Nov 2018 22:23:53 GMT" time="11.560" errors="0">
  <testcase name="select_multiDropdown_ByVisibleText" time="11.560" classname="com.SeleniumEasy.DropdownListTest"/>
</testsuite> <!-- com.SeleniumEasy.DropdownListTest -->
