<?xml version="1.0" encoding="UTF-8"?>
<!-- Generated by org.testng.reporters.JUnitReportReporter -->
<testsuite hostname="Yogesh" name="com.SeleniumEasy.InputFormTest" tests="2" failures="0" timestamp="10 Oct 2018 17:15:33 GMT" time="11.562" errors="0">
  <testcase name="verify1stBlockEnterMessageDisplay" time="10.638" classname="com.SeleniumEasy.InputFormTest"/>
  <testcase name="verifyBulletPoints_1stBox" time="0.924" classname="com.SeleniumEasy.InputFormTest"/>
</testsuite> <!-- com.SeleniumEasy.InputFormTest -->
